生成启动时间为 2022/5/27 14:11:43。
     1>项目“C:\Users\Lenovo\Documents\Visual Studio 2013\Projects\比特\bishe\bishe\bishe.vcxproj”在节点 2 上(Build 个目标)。
     1>ClCompile:
         D:\Program Files (x86)\Microsoft Visual Studio 12.0\VC\bin\CL.exe /c /ZI /nologo /W3 /WX- /sdl /Od /Oy- /D _MBCS /Gm /EHsc /RTC1 /MDd /GS /fp:precise /Zc:wchar_t /Zc:forScope /Fo"Debug\\" /Fd"Debug\vc120.pdb" /Gd /TP /analyze- /errorReport:prompt bishe.cpp
         bishe.cpp
     1>d:\program files (x86)\microsoft visual studio 12.0\vc\include\xutility(521): warning C4244: “参数”: 从“float”转换到“int”，可能丢失数据
                 d:\program files (x86)\microsoft visual studio 12.0\vc\include\algorithm(3070): 参见对正在编译的函数 模板 实例化“bool std::_Debug_lt_pred<bool(__cdecl *)(int,int),float&,float&>(_Pr,_Ty1,_Ty2,std::_Dbfile_t,std::_Dbline_t)”的引用
                 with
                 [
                     _Pr=bool (__cdecl *)(int,int)
         ,            _Ty1=float &
         ,            _Ty2=float &
                 ]
                 d:\program files (x86)\microsoft visual studio 12.0\vc\include\algorithm(3127): 参见对正在编译的函数 模板 实例化“std::pair<_RanIt,_RanIt> std::_Unguarded_partition<_RanIt,bool(__cdecl *)(int,int)>(_RanIt,_RanIt,_Pr)”的引用
                 with
                 [
                     _RanIt=float *
         ,            _Pr=bool (__cdecl *)(int,int)
                 ]
                 d:\program files (x86)\microsoft visual studio 12.0\vc\include\algorithm(3157): 参见对正在编译的函数 模板 实例化“void std::_Sort<_Iter,int,bool(__cdecl *)(int,int)>(_RanIt,_RanIt,_Diff,_Pr)”的引用
                 with
                 [
                     _Iter=float *
         ,            _RanIt=float *
         ,            _Diff=int
         ,            _Pr=bool (__cdecl *)(int,int)
                 ]
                 c:\users\lenovo\documents\visual studio 2013\projects\比特\bishe\bishe\bishe.cpp(123): 参见对正在编译的函数 模板 实例化“void std::sort<float*,bool(__cdecl *)(int,int)>(_RanIt,_RanIt,_Pr)”的引用
                 with
                 [
                     _RanIt=float *
         ,            _Pr=bool (__cdecl *)(int,int)
                 ]
     1>d:\program files (x86)\microsoft visual studio 12.0\vc\include\xutility(523): warning C4244: “参数”: 从“float”转换到“int”，可能丢失数据
       Link:
         D:\Program Files (x86)\Microsoft Visual Studio 12.0\VC\bin\link.exe /ERRORREPORT:PROMPT /OUT:"C:\Users\Lenovo\Documents\Visual Studio 2013\Projects\比特\bishe\Debug\bishe.exe" /INCREMENTAL /NOLOGO kernel32.lib user32.lib gdi32.lib winspool.lib comdlg32.lib advapi32.lib shell32.lib ole32.lib oleaut32.lib uuid.lib odbc32.lib odbccp32.lib /MANIFEST /MANIFESTUAC:"level='asInvoker' uiAccess='false'" /manifest:embed /DEBUG /PDB:"C:\Users\Lenovo\Documents\Visual Studio 2013\Projects\比特\bishe\Debug\bishe.pdb" /TLBID:1 /DYNAMICBASE /NXCOMPAT /IMPLIB:"C:\Users\Lenovo\Documents\Visual Studio 2013\Projects\比特\bishe\Debug\bishe.lib" /MACHINE:X86 Debug\bishe.obj
         bishe.vcxproj -> C:\Users\Lenovo\Documents\Visual Studio 2013\Projects\比特\bishe\Debug\bishe.exe
     1>已完成生成项目“C:\Users\Lenovo\Documents\Visual Studio 2013\Projects\比特\bishe\bishe\bishe.vcxproj”(Build 个目标)的操作。

生成成功。

已用时间 00:00:02.72
